h:\w2d_lib\trunk\all\libwmap\debug\libwmap.pdb
h:\w2d_lib\trunk\all\libwmap\debug\libwmap.idb
h:\w2d_lib\trunk\all\libwmap\debug\gsastar_win.obj
h:\w2d_lib\trunk\all\libwmap\debug\cwvectormoveunit.obj
h:\w2d_lib\trunk\all\libwmap\debug\cwunit.obj
h:\w2d_lib\trunk\all\libwmap\debug\cwpath.obj
h:\w2d_lib\trunk\all\libwmap\debug\cwpathmoveunit.obj
h:\w2d_lib\trunk\all\libwmap\debug\cwutil.obj
h:\w2d_lib\trunk\all\libwmap\debug\cwobstacle.obj
h:\w2d_lib\trunk\all\libwmap\debug\cwgridmap.obj
h:\w2d_lib\trunk\all\libwmap\debug\cwboid.obj
h:\w2d_lib\trunk\all\libwmap\debug\gsastar.obj
h:\w2d_lib\trunk\all\debug\libwmap.lib
h:\w2d_lib\trunk\all\debug\libwmap.pdb
h:\w2d_lib\trunk\all\libwmap\debug\libwmap.tlog\cl.command.1.tlog
h:\w2d_lib\trunk\all\libwmap\debug\libwmap.tlog\cl.read.1.tlog
h:\w2d_lib\trunk\all\libwmap\debug\libwmap.tlog\cl.write.1.tlog
h:\w2d_lib\trunk\all\libwmap\debug\libwmap.tlog\lib-link.read.1.tlog
h:\w2d_lib\trunk\all\libwmap\debug\libwmap.tlog\lib-link.write.1.tlog
h:\w2d_lib\trunk\all\libwmap\debug\libwmap.tlog\lib.command.1.tlog
